build/app/intermediates/manifest_merge_blame_file/release/manifest-merger-blame-release-report.txt
1<?xml version="1.0" encoding="utf-8"?>
2<manifest xmlns:android="http://schemas.android.com/apk/res/android"
3    package="com.mycompany.creditopopular"
4    android:versionCode="1"
5    android:versionName="1.0.0" >
6
7    <uses-sdk
8        android:minSdkVersion="21"
8-->src\main\AndroidManifest.xml
9        android:targetSdkVersion="34" />
9-->src\main\AndroidManifest.xml
10
11    <uses-permission android:name="android.permission.INTERNET" />
11-->src\main\AndroidManifest.xml:4:5-66
11-->src\main\AndroidManifest.xml:4:22-64
12    <uses-permission android:name="android.permission.WAKE_LOCK" />
12-->[:firebase_messaging] AndroidManifest.xml:10:5-68
12-->[:firebase_messaging] AndroidManifest.xml:10:22-65
13    <uses-permission android:name="android.permission.ACCESS_NETWORK_STATE" /> <!-- Permissions options for the `notification` group -->
13-->[:firebase_messaging] AndroidManifest.xml:11:5-79
13-->[:firebase_messaging] AndroidManifest.xml:11:22-76
14    <uses-permission android:name="android.permission.POST_NOTIFICATIONS" /> <!-- Required by older versions of Google Play services to create IID tokens -->
14-->[:firebase_messaging] AndroidManifest.xml:13:5-77
14-->[:firebase_messaging] AndroidManifest.xml:13:22-74
15    <uses-permission android:name="com.google.android.c2dm.permission.RECEIVE" />
15-->[com.google.firebase:firebase-messaging:23.4.1] AndroidManifest.xml:26:5-82
15-->[com.google.firebase:firebase-messaging:23.4.1] AndroidManifest.xml:26:22-79
16    <uses-permission android:name="com.google.android.providers.gsf.permission.READ_GSERVICES" />
16-->[com.google.android.recaptcha:recaptcha:18.4.0] AndroidManifest.xml:9:5-98
16-->[com.google.android.recaptcha:recaptcha:18.4.0] AndroidManifest.xml:9:22-95
17
18    <permission
18-->[androidx.core:core:1.10.1] AndroidManifest.xml:22:5-24:47
19        android:name="com.mycompany.creditopopular.DYNAMIC_RECEIVER_NOT_EXPORTED_PERMISSION"
19-->[androidx.core:core:1.10.1] AndroidManifest.xml:23:9-81
20        android:protectionLevel="signature" />
20-->[androidx.core:core:1.10.1] AndroidManifest.xml:24:9-44
21
22    <uses-permission android:name="com.mycompany.creditopopular.DYNAMIC_RECEIVER_NOT_EXPORTED_PERMISSION" />
22-->[androidx.core:core:1.10.1] AndroidManifest.xml:26:5-97
22-->[androidx.core:core:1.10.1] AndroidManifest.xml:26:22-94
23
24    <application
24-->src\main\AndroidManifest.xml:7:5-61:19
25        android:appComponentFactory="androidx.core.app.CoreComponentFactory"
25-->[androidx.core:core:1.10.1] AndroidManifest.xml:28:18-86
26        android:icon="@mipmap/ic_launcher"
26-->src\main\AndroidManifest.xml:10:9-43
27        android:label="CreditoPopular"
27-->src\main\AndroidManifest.xml:8:9-39
28        android:requestLegacyExternalStorage="true" >
28-->src\main\AndroidManifest.xml:11:9-52
29        <activity
29-->src\main\AndroidManifest.xml:13:9-51:20
30            android:name="com.mycompany.creditopopular.MainActivity"
30-->src\main\AndroidManifest.xml:14:13-41
31            android:configChanges="orientation|keyboardHidden|keyboard|screenSize|smallestScreenSize|locale|layoutDirection|fontScale|screenLayout|density|uiMode"
31-->src\main\AndroidManifest.xml:18:13-163
32            android:exported="true"
32-->src\main\AndroidManifest.xml:15:13-36
33            android:hardwareAccelerated="true"
33-->src\main\AndroidManifest.xml:19:13-47
34            android:launchMode="singleTop"
34-->src\main\AndroidManifest.xml:16:13-43
35            android:theme="@style/LaunchTheme"
35-->src\main\AndroidManifest.xml:17:13-47
36            android:windowSoftInputMode="adjustResize" >
36-->src\main\AndroidManifest.xml:20:13-55
37
38            <!--
39                 Specifies an Android theme to apply to this Activity as soon as
40                 the Android process has started. This theme is visible to the user
41                 while the Flutter UI initializes. After that, this theme continues
42                 to determine the Window background behind the Flutter UI.
43            -->
44            <meta-data
44-->src\main\AndroidManifest.xml:25:13-28:17
45                android:name="io.flutter.embedding.android.NormalTheme"
45-->src\main\AndroidManifest.xml:26:15-70
46                android:resource="@style/NormalTheme" />
46-->src\main\AndroidManifest.xml:27:15-52
47            <!--
48                 Displays an Android View that continues showing the launch screen
49                 Drawable until Flutter paints its first frame, then this splash
50                 screen fades out. A splash screen is useful to avoid any visual
51                 gap between the end of Android's launch screen and the painting of
52                 Flutter's first frame.
53            -->
54            <meta-data
54-->src\main\AndroidManifest.xml:34:13-37:17
55                android:name="io.flutter.embedding.android.SplashScreenDrawable"
55-->src\main\AndroidManifest.xml:35:15-79
56                android:resource="@drawable/launch_background" />
56-->src\main\AndroidManifest.xml:36:15-61
57
58            <intent-filter>
58-->src\main\AndroidManifest.xml:38:13-41:29
59                <action android:name="android.intent.action.MAIN" />
59-->src\main\AndroidManifest.xml:39:17-68
59-->src\main\AndroidManifest.xml:39:25-66
60
61                <category android:name="android.intent.category.LAUNCHER" />
61-->src\main\AndroidManifest.xml:40:17-76
61-->src\main\AndroidManifest.xml:40:27-74
62            </intent-filter>
63            <!-- Deep linking -->
64            <meta-data
64-->src\main\AndroidManifest.xml:43:13-90
65                android:name="flutter_deeplinking_enabled"
65-->src\main\AndroidManifest.xml:43:24-66
66                android:value="true" />
66-->src\main\AndroidManifest.xml:43:67-87
67
68            <intent-filter android:autoVerify="true" >
68-->src\main\AndroidManifest.xml:44:13-49:29
68-->src\main\AndroidManifest.xml:44:28-53
69                <action android:name="android.intent.action.VIEW" />
69-->src\main\AndroidManifest.xml:45:17-69
69-->src\main\AndroidManifest.xml:45:25-66
70
71                <category android:name="android.intent.category.DEFAULT" />
71-->src\main\AndroidManifest.xml:46:17-76
71-->src\main\AndroidManifest.xml:46:27-73
72                <category android:name="android.intent.category.BROWSABLE" />
72-->src\main\AndroidManifest.xml:47:17-78
72-->src\main\AndroidManifest.xml:47:27-75
73
74                <data
74-->src\main\AndroidManifest.xml:48:17-91
75                    android:host="creditopopular.com"
75-->src\main\AndroidManifest.xml:48:55-88
76                    android:scheme="creditopopular" />
76-->src\main\AndroidManifest.xml:48:23-54
77            </intent-filter>
78        </activity>
79
80        <!--
81             Don't delete the meta-data below.
82             This is used by the Flutter tool to generate GeneratedPluginRegistrant.java
83        -->
84        <meta-data
84-->src\main\AndroidManifest.xml:55:9-57:33
85            android:name="flutterEmbedding"
85-->src\main\AndroidManifest.xml:56:13-44
86            android:value="2" />
86-->src\main\AndroidManifest.xml:57:13-30
87
88        <service
88-->[:cloud_firestore] AndroidManifest.xml:10:9-14:19
89            android:name="com.google.firebase.components.ComponentDiscoveryService"
89-->[:cloud_firestore] AndroidManifest.xml:10:18-89
90            android:directBootAware="true"
90-->[com.google.firebase:firebase-common:20.4.3] AndroidManifest.xml:32:13-43
91            android:exported="false" >
91-->[com.google.firebase:firebase-perf:20.5.2] AndroidManifest.xml:13:13-37
92            <meta-data
92-->[:cloud_firestore] AndroidManifest.xml:11:13-13:85
93                android:name="com.google.firebase.components:io.flutter.plugins.firebase.firestore.FlutterFirebaseFirestoreRegistrar"
93-->[:cloud_firestore] AndroidManifest.xml:12:17-134
94                android:value="com.google.firebase.components.ComponentRegistrar" />
94-->[:cloud_firestore] AndroidManifest.xml:13:17-82
95            <meta-data
95-->[:cloud_functions] AndroidManifest.xml:11:13-13:85
96                android:name="com.google.firebase.components:io.flutter.plugins.firebase.functions.FlutterFirebaseAppRegistrar"
96-->[:cloud_functions] AndroidManifest.xml:12:17-128
97                android:value="com.google.firebase.components.ComponentRegistrar" />
97-->[:cloud_functions] AndroidManifest.xml:13:17-82
98            <meta-data
98-->[:firebase_auth] AndroidManifest.xml:11:13-13:85
99                android:name="com.google.firebase.components:io.flutter.plugins.firebase.auth.FlutterFirebaseAuthRegistrar"
99-->[:firebase_auth] AndroidManifest.xml:12:17-124
100                android:value="com.google.firebase.components.ComponentRegistrar" />
100-->[:firebase_auth] AndroidManifest.xml:13:17-82
101            <meta-data
101-->[:firebase_messaging] AndroidManifest.xml:38:13-40:85
102                android:name="com.google.firebase.components:io.flutter.plugins.firebase.messaging.FlutterFirebaseAppRegistrar"
102-->[:firebase_messaging] AndroidManifest.xml:39:17-128
103                android:value="com.google.firebase.components.ComponentRegistrar" />
103-->[:firebase_messaging] AndroidManifest.xml:40:17-82
104            <meta-data
104-->[:firebase_performance] AndroidManifest.xml:13:13-15:85
105                android:name="com.google.firebase.components:io.flutter.plugins.firebase.performance.FlutterFirebaseAppRegistrar"
105-->[:firebase_performance] AndroidManifest.xml:14:17-130
106                android:value="com.google.firebase.components.ComponentRegistrar" />
106-->[:firebase_performance] AndroidManifest.xml:15:17-82
107            <meta-data
107-->[:firebase_core] AndroidManifest.xml:11:13-13:85
108                android:name="com.google.firebase.components:io.flutter.plugins.firebase.core.FlutterFirebaseCoreRegistrar"
108-->[:firebase_core] AndroidManifest.xml:12:17-124
109                android:value="com.google.firebase.components.ComponentRegistrar" />
109-->[:firebase_core] AndroidManifest.xml:13:17-82
110            <meta-data
110-->[com.google.firebase:firebase-perf:20.5.2] AndroidManifest.xml:14:13-16:85
111                android:name="com.google.firebase.components:com.google.firebase.perf.FirebasePerfKtxRegistrar"
111-->[com.google.firebase:firebase-perf:20.5.2] AndroidManifest.xml:15:17-112
112                android:value="com.google.firebase.components.ComponentRegistrar" />
112-->[com.google.firebase:firebase-perf:20.5.2] AndroidManifest.xml:16:17-82
113            <meta-data
113-->[com.google.firebase:firebase-perf:20.5.2] AndroidManifest.xml:17:13-19:85
114                android:name="com.google.firebase.components:com.google.firebase.perf.FirebasePerfRegistrar"
114-->[com.google.firebase:firebase-perf:20.5.2] AndroidManifest.xml:18:17-109
115                android:value="com.google.firebase.components.ComponentRegistrar" />
115-->[com.google.firebase:firebase-perf:20.5.2] AndroidManifest.xml:19:17-82
116            <meta-data
116-->[com.google.firebase:firebase-sessions:1.2.2] AndroidManifest.xml:29:13-31:85
117                android:name="com.google.firebase.components:com.google.firebase.sessions.FirebaseSessionsRegistrar"
117-->[com.google.firebase:firebase-sessions:1.2.2] AndroidManifest.xml:30:17-117
118                android:value="com.google.firebase.components.ComponentRegistrar" />
118-->[com.google.firebase:firebase-sessions:1.2.2] AndroidManifest.xml:31:17-82
119            <meta-data
119-->[com.google.firebase:firebase-functions:20.4.0] AndroidManifest.xml:15:13-17:85
120                android:name="com.google.firebase.components:com.google.firebase.functions.FirebaseFunctionsKtxRegistrar"
120-->[com.google.firebase:firebase-functions:20.4.0] AndroidManifest.xml:16:17-122
121                android:value="com.google.firebase.components.ComponentRegistrar" />
121-->[com.google.firebase:firebase-functions:20.4.0] AndroidManifest.xml:17:17-82
122            <meta-data
122-->[com.google.firebase:firebase-functions:20.4.0] AndroidManifest.xml:18:13-20:85
123                android:name="com.google.firebase.components:com.google.firebase.functions.FunctionsRegistrar"
123-->[com.google.firebase:firebase-functions:20.4.0] AndroidManifest.xml:19:17-111
124                android:value="com.google.firebase.components.ComponentRegistrar" />
124-->[com.google.firebase:firebase-functions:20.4.0] AndroidManifest.xml:20:17-82
125            <meta-data
125-->[com.google.firebase:firebase-auth:22.3.1] AndroidManifest.xml:69:13-71:85
126                android:name="com.google.firebase.components:com.google.firebase.auth.FirebaseAuthRegistrar"
126-->[com.google.firebase:firebase-auth:22.3.1] AndroidManifest.xml:70:17-109
127                android:value="com.google.firebase.components.ComponentRegistrar" />
127-->[com.google.firebase:firebase-auth:22.3.1] AndroidManifest.xml:71:17-82
128            <meta-data
128-->[com.google.firebase:firebase-firestore:24.11.0] AndroidManifest.xml:17:13-19:85
129                android:name="com.google.firebase.components:com.google.firebase.firestore.FirebaseFirestoreKtxRegistrar"
129-->[com.google.firebase:firebase-firestore:24.11.0] AndroidManifest.xml:18:17-122
130                android:value="com.google.firebase.components.ComponentRegistrar" />
130-->[com.google.firebase:firebase-firestore:24.11.0] AndroidManifest.xml:19:17-82
131            <meta-data
131-->[com.google.firebase:firebase-firestore:24.11.0] AndroidManifest.xml:20:13-22:85
132                android:name="com.google.firebase.components:com.google.firebase.firestore.FirestoreRegistrar"
132-->[com.google.firebase:firebase-firestore:24.11.0] AndroidManifest.xml:21:17-111
133                android:value="com.google.firebase.components.ComponentRegistrar" />
133-->[com.google.firebase:firebase-firestore:24.11.0] AndroidManifest.xml:22:17-82
134            <meta-data
134-->[com.google.firebase:firebase-messaging:23.4.1] AndroidManifest.xml:57:13-59:85
135                android:name="com.google.firebase.components:com.google.firebase.messaging.FirebaseMessagingKtxRegistrar"
135-->[com.google.firebase:firebase-messaging:23.4.1] AndroidManifest.xml:58:17-122
136                android:value="com.google.firebase.components.ComponentRegistrar" />
136-->[com.google.firebase:firebase-messaging:23.4.1] AndroidManifest.xml:59:17-82
137            <meta-data
137-->[com.google.firebase:firebase-messaging:23.4.1] AndroidManifest.xml:60:13-62:85
138                android:name="com.google.firebase.components:com.google.firebase.messaging.FirebaseMessagingRegistrar"
138-->[com.google.firebase:firebase-messaging:23.4.1] AndroidManifest.xml:61:17-119
139                android:value="com.google.firebase.components.ComponentRegistrar" />
139-->[com.google.firebase:firebase-messaging:23.4.1] AndroidManifest.xml:62:17-82
140            <meta-data
140-->[com.google.firebase:firebase-config:21.6.3] AndroidManifest.xml:29:13-31:85
141                android:name="com.google.firebase.components:com.google.firebase.remoteconfig.FirebaseRemoteConfigKtxRegistrar"
141-->[com.google.firebase:firebase-config:21.6.3] AndroidManifest.xml:30:17-128
142                android:value="com.google.firebase.components.ComponentRegistrar" />
142-->[com.google.firebase:firebase-config:21.6.3] AndroidManifest.xml:31:17-82
143            <meta-data
143-->[com.google.firebase:firebase-config:21.6.3] AndroidManifest.xml:32:13-34:85
144                android:name="com.google.firebase.components:com.google.firebase.remoteconfig.RemoteConfigRegistrar"
144-->[com.google.firebase:firebase-config:21.6.3] AndroidManifest.xml:33:17-117
145                android:value="com.google.firebase.components.ComponentRegistrar" />
145-->[com.google.firebase:firebase-config:21.6.3] AndroidManifest.xml:34:17-82
146            <meta-data
146-->[com.google.firebase:firebase-iid:21.1.0] AndroidManifest.xml:32:13-34:85
147                android:name="com.google.firebase.components:com.google.firebase.iid.Registrar"
147-->[com.google.firebase:firebase-iid:21.1.0] AndroidManifest.xml:33:17-96
148                android:value="com.google.firebase.components.ComponentRegistrar" />
148-->[com.google.firebase:firebase-iid:21.1.0] AndroidManifest.xml:34:17-82
149            <meta-data
149-->[com.google.firebase:firebase-installations:17.2.0] AndroidManifest.xml:15:13-17:85
150                android:name="com.google.firebase.components:com.google.firebase.installations.FirebaseInstallationsKtxRegistrar"
150-->[com.google.firebase:firebase-installations:17.2.0] AndroidManifest.xml:16:17-130
151                android:value="com.google.firebase.components.ComponentRegistrar" />
151-->[com.google.firebase:firebase-installations:17.2.0] AndroidManifest.xml:17:17-82
152            <meta-data
152-->[com.google.firebase:firebase-installations:17.2.0] AndroidManifest.xml:18:13-20:85
153                android:name="com.google.firebase.components:com.google.firebase.installations.FirebaseInstallationsRegistrar"
153-->[com.google.firebase:firebase-installations:17.2.0] AndroidManifest.xml:19:17-127
154                android:value="com.google.firebase.components.ComponentRegistrar" />
154-->[com.google.firebase:firebase-installations:17.2.0] AndroidManifest.xml:20:17-82
155            <meta-data
155-->[com.google.firebase:firebase-common-ktx:20.4.3] AndroidManifest.xml:12:13-14:85
156                android:name="com.google.firebase.components:com.google.firebase.ktx.FirebaseCommonLegacyRegistrar"
156-->[com.google.firebase:firebase-common-ktx:20.4.3] AndroidManifest.xml:13:17-116
157                android:value="com.google.firebase.components.ComponentRegistrar" />
157-->[com.google.firebase:firebase-common-ktx:20.4.3] AndroidManifest.xml:14:17-82
158            <meta-data
158-->[com.google.firebase:firebase-datatransport:18.1.8] AndroidManifest.xml:27:13-29:85
159                android:name="com.google.firebase.components:com.google.firebase.datatransport.TransportRegistrar"
159-->[com.google.firebase:firebase-datatransport:18.1.8] AndroidManifest.xml:28:17-115
160                android:value="com.google.firebase.components.ComponentRegistrar" />
160-->[com.google.firebase:firebase-datatransport:18.1.8] AndroidManifest.xml:29:17-82
161            <meta-data
161-->[com.google.firebase:firebase-common:20.4.3] AndroidManifest.xml:35:13-37:85
162                android:name="com.google.firebase.components:com.google.firebase.FirebaseCommonKtxRegistrar"
162-->[com.google.firebase:firebase-common:20.4.3] AndroidManifest.xml:36:17-109
163                android:value="com.google.firebase.components.ComponentRegistrar" />
163-->[com.google.firebase:firebase-common:20.4.3] AndroidManifest.xml:37:17-82
164            <meta-data
164-->[com.google.firebase:firebase-abt:21.1.1] AndroidManifest.xml:12:13-14:85
165                android:name="com.google.firebase.components:com.google.firebase.abt.component.AbtRegistrar"
165-->[com.google.firebase:firebase-abt:21.1.1] AndroidManifest.xml:13:17-109
166                android:value="com.google.firebase.components.ComponentRegistrar" />
166-->[com.google.firebase:firebase-abt:21.1.1] AndroidManifest.xml:14:17-82
167        </service>
168        <service
168-->[:firebase_messaging] AndroidManifest.xml:16:9-19:72
169            android:name="io.flutter.plugins.firebase.messaging.FlutterFirebaseMessagingBackgroundService"
169-->[:firebase_messaging] AndroidManifest.xml:17:13-107
170            android:exported="false"
170-->[:firebase_messaging] AndroidManifest.xml:18:13-37
171            android:permission="android.permission.BIND_JOB_SERVICE" />
171-->[:firebase_messaging] AndroidManifest.xml:19:13-69
172        <service
172-->[:firebase_messaging] AndroidManifest.xml:20:9-26:19
173            android:name="io.flutter.plugins.firebase.messaging.FlutterFirebaseMessagingService"
173-->[:firebase_messaging] AndroidManifest.xml:21:13-97
174            android:exported="false" >
174-->[:firebase_messaging] AndroidManifest.xml:22:13-37
175            <intent-filter>
175-->[:firebase_messaging] AndroidManifest.xml:23:13-25:29
176                <action android:name="com.google.firebase.MESSAGING_EVENT" />
176-->[:firebase_messaging] AndroidManifest.xml:24:17-78
176-->[:firebase_messaging] AndroidManifest.xml:24:25-75
177            </intent-filter>
178        </service>
179
180        <receiver
180-->[:firebase_messaging] AndroidManifest.xml:28:9-35:20
181            android:name="io.flutter.plugins.firebase.messaging.FlutterFirebaseMessagingReceiver"
181-->[:firebase_messaging] AndroidManifest.xml:29:13-98
182            android:exported="true"
182-->[:firebase_messaging] AndroidManifest.xml:30:13-36
183            android:permission="com.google.android.c2dm.permission.SEND" >
183-->[:firebase_messaging] AndroidManifest.xml:31:13-73
184            <intent-filter>
184-->[:firebase_messaging] AndroidManifest.xml:32:13-34:29
185                <action android:name="com.google.android.c2dm.intent.RECEIVE" />
185-->[:firebase_messaging] AndroidManifest.xml:33:17-81
185-->[:firebase_messaging] AndroidManifest.xml:33:25-78
186            </intent-filter>
187        </receiver>
188
189        <provider
189-->[:firebase_messaging] AndroidManifest.xml:43:9-47:38
190            android:name="io.flutter.plugins.firebase.messaging.FlutterFirebaseMessagingInitProvider"
190-->[:firebase_messaging] AndroidManifest.xml:44:13-102
191            android:authorities="com.mycompany.creditopopular.flutterfirebasemessaginginitprovider"
191-->[:firebase_messaging] AndroidManifest.xml:45:13-88
192            android:exported="false"
192-->[:firebase_messaging] AndroidManifest.xml:46:13-37
193            android:initOrder="99" />
193-->[:firebase_messaging] AndroidManifest.xml:47:13-35
194
195        <activity
195-->[:url_launcher_android] AndroidManifest.xml:10:9-13:74
196            android:name="io.flutter.plugins.urllauncher.WebViewActivity"
196-->[:url_launcher_android] AndroidManifest.xml:11:13-74
197            android:exported="false"
197-->[:url_launcher_android] AndroidManifest.xml:12:13-37
198            android:theme="@android:style/Theme.NoTitleBar.Fullscreen" />
198-->[:url_launcher_android] AndroidManifest.xml:13:13-71
199
200        <service
200-->[com.google.firebase:firebase-sessions:1.2.2] AndroidManifest.xml:22:9-25:40
201            android:name="com.google.firebase.sessions.SessionLifecycleService"
201-->[com.google.firebase:firebase-sessions:1.2.2] AndroidManifest.xml:23:13-80
202            android:enabled="true"
202-->[com.google.firebase:firebase-sessions:1.2.2] AndroidManifest.xml:24:13-35
203            android:exported="false" />
203-->[com.google.firebase:firebase-sessions:1.2.2] AndroidManifest.xml:25:13-37
204
205        <activity
205-->[com.google.firebase:firebase-auth:22.3.1] AndroidManifest.xml:29:9-46:20
206            android:name="com.google.firebase.auth.internal.GenericIdpActivity"
206-->[com.google.firebase:firebase-auth:22.3.1] AndroidManifest.xml:30:13-80
207            android:excludeFromRecents="true"
207-->[com.google.firebase:firebase-auth:22.3.1] AndroidManifest.xml:31:13-46
208            android:exported="true"
208-->[com.google.firebase:firebase-auth:22.3.1] AndroidManifest.xml:32:13-36
209            android:launchMode="singleTask"
209-->[com.google.firebase:firebase-auth:22.3.1] AndroidManifest.xml:33:13-44
210            android:theme="@android:style/Theme.Translucent.NoTitleBar" >
210-->[com.google.firebase:firebase-auth:22.3.1] AndroidManifest.xml:34:13-72
211            <intent-filter>
211-->[com.google.firebase:firebase-auth:22.3.1] AndroidManifest.xml:35:13-45:29
212                <action android:name="android.intent.action.VIEW" />
212-->src\main\AndroidManifest.xml:45:17-69
212-->src\main\AndroidManifest.xml:45:25-66
213
214                <category android:name="android.intent.category.DEFAULT" />
214-->src\main\AndroidManifest.xml:46:17-76
214-->src\main\AndroidManifest.xml:46:27-73
215                <category android:name="android.intent.category.BROWSABLE" />
215-->src\main\AndroidManifest.xml:47:17-78
215-->src\main\AndroidManifest.xml:47:27-75
216
217                <data
217-->src\main\AndroidManifest.xml:48:17-91
218                    android:host="firebase.auth"
218-->src\main\AndroidManifest.xml:48:55-88
219                    android:path="/"
220                    android:scheme="genericidp" />
220-->src\main\AndroidManifest.xml:48:23-54
221            </intent-filter>
222        </activity>
223        <activity
223-->[com.google.firebase:firebase-auth:22.3.1] AndroidManifest.xml:47:9-64:20
224            android:name="com.google.firebase.auth.internal.RecaptchaActivity"
224-->[com.google.firebase:firebase-auth:22.3.1] AndroidManifest.xml:48:13-79
225            android:excludeFromRecents="true"
225-->[com.google.firebase:firebase-auth:22.3.1] AndroidManifest.xml:49:13-46
226            android:exported="true"
226-->[com.google.firebase:firebase-auth:22.3.1] AndroidManifest.xml:50:13-36
227            android:launchMode="singleTask"
227-->[com.google.firebase:firebase-auth:22.3.1] AndroidManifest.xml:51:13-44
228            android:theme="@android:style/Theme.Translucent.NoTitleBar" >
228-->[com.google.firebase:firebase-auth:22.3.1] AndroidManifest.xml:52:13-72
229            <intent-filter>
229-->[com.google.firebase:firebase-auth:22.3.1] AndroidManifest.xml:53:13-63:29
230                <action android:name="android.intent.action.VIEW" />
230-->src\main\AndroidManifest.xml:45:17-69
230-->src\main\AndroidManifest.xml:45:25-66
231
232                <category android:name="android.intent.category.DEFAULT" />
232-->src\main\AndroidManifest.xml:46:17-76
232-->src\main\AndroidManifest.xml:46:27-73
233                <category android:name="android.intent.category.BROWSABLE" />
233-->src\main\AndroidManifest.xml:47:17-78
233-->src\main\AndroidManifest.xml:47:27-75
234
235                <data
235-->src\main\AndroidManifest.xml:48:17-91
236                    android:host="firebase.auth"
236-->src\main\AndroidManifest.xml:48:55-88
237                    android:path="/"
238                    android:scheme="recaptcha" />
238-->src\main\AndroidManifest.xml:48:23-54
239            </intent-filter>
240        </activity>
241
242        <receiver
242-->[com.google.firebase:firebase-messaging:23.4.1] AndroidManifest.xml:29:9-40:20
243            android:name="com.google.firebase.iid.FirebaseInstanceIdReceiver"
243-->[com.google.firebase:firebase-messaging:23.4.1] AndroidManifest.xml:30:13-78
244            android:exported="true"
244-->[com.google.firebase:firebase-messaging:23.4.1] AndroidManifest.xml:31:13-36
245            android:permission="com.google.android.c2dm.permission.SEND" >
245-->[com.google.firebase:firebase-messaging:23.4.1] AndroidManifest.xml:32:13-73
246            <intent-filter>
246-->[:firebase_messaging] AndroidManifest.xml:32:13-34:29
247                <action android:name="com.google.android.c2dm.intent.RECEIVE" />
247-->[:firebase_messaging] AndroidManifest.xml:33:17-81
247-->[:firebase_messaging] AndroidManifest.xml:33:25-78
248            </intent-filter>
249
250            <meta-data
250-->[com.google.firebase:firebase-messaging:23.4.1] AndroidManifest.xml:37:13-39:40
251                android:name="com.google.android.gms.cloudmessaging.FINISHED_AFTER_HANDLED"
251-->[com.google.firebase:firebase-messaging:23.4.1] AndroidManifest.xml:38:17-92
252                android:value="true" />
252-->[com.google.firebase:firebase-messaging:23.4.1] AndroidManifest.xml:39:17-37
253        </receiver>
254        <!--
255             FirebaseMessagingService performs security checks at runtime,
256             but set to not exported to explicitly avoid allowing another app to call it.
257        -->
258        <service
258-->[com.google.firebase:firebase-messaging:23.4.1] AndroidManifest.xml:46:9-53:19
259            android:name="com.google.firebase.messaging.FirebaseMessagingService"
259-->[com.google.firebase:firebase-messaging:23.4.1] AndroidManifest.xml:47:13-82
260            android:directBootAware="true"
260-->[com.google.firebase:firebase-messaging:23.4.1] AndroidManifest.xml:48:13-43
261            android:exported="false" >
261-->[com.google.firebase:firebase-messaging:23.4.1] AndroidManifest.xml:49:13-37
262            <intent-filter android:priority="-500" >
262-->[:firebase_messaging] AndroidManifest.xml:23:13-25:29
263                <action android:name="com.google.firebase.MESSAGING_EVENT" />
263-->[:firebase_messaging] AndroidManifest.xml:24:17-78
263-->[:firebase_messaging] AndroidManifest.xml:24:25-75
264            </intent-filter>
265        </service>
266        <service
266-->[com.google.android.datatransport:transport-backend-cct:3.1.9] AndroidManifest.xml:28:9-34:19
267            android:name="com.google.android.datatransport.runtime.backends.TransportBackendDiscovery"
267-->[com.google.android.datatransport:transport-backend-cct:3.1.9] AndroidManifest.xml:29:13-103
268            android:exported="false" >
268-->[com.google.android.datatransport:transport-backend-cct:3.1.9] AndroidManifest.xml:30:13-37
269            <meta-data
269-->[com.google.android.datatransport:transport-backend-cct:3.1.9] AndroidManifest.xml:31:13-33:39
270                android:name="backend:com.google.android.datatransport.cct.CctBackendFactory"
270-->[com.google.android.datatransport:transport-backend-cct:3.1.9] AndroidManifest.xml:32:17-94
271                android:value="cct" />
271-->[com.google.android.datatransport:transport-backend-cct:3.1.9] AndroidManifest.xml:33:17-36
272        </service>
273
274        <provider
274-->[com.google.firebase:firebase-common:20.4.3] AndroidManifest.xml:23:9-28:39
275            android:name="com.google.firebase.provider.FirebaseInitProvider"
275-->[com.google.firebase:firebase-common:20.4.3] AndroidManifest.xml:24:13-77